2026-03-10 23:44:37 - MPL bakedapplepie sent to WMS
2026-03-10 23:44:51 - MPL bakedapplepie confirmed by WMS
2026-03-11 02:41:19 - MPL fartbart sent to WMS
2026-03-11 02:41:28 - MPL fartbart confirmed by WMS — 1 units moved to warehouse
2026-03-11 02:41:49 - MPL woah sent to WMS
2026-03-11 04:36:15 - MPL 2pineapples sent to WMS
2026-03-11 04:36:32 - MPL 2pineapples confirmed by WMS — 2 units moved to warehouse
2026-03-11 04:37:40 - Order drexelaaAAAA sent to WMS
2026-03-11 04:37:51 - Order drexelaaAAAA shipped by WMS — 2 units removed from inventory
2026-03-11 14:00:43 - MPL potato sent to WMS
2026-03-11 14:01:36 - MPL potato confirmed by WMS — 4 units moved to warehouse
2026-03-11 14:05:08 - Order 12345 sent to WMS
2026-03-11 14:05:21 - Order 12345 shipped by WMS — 3 units removed from inventory
2026-03-14 23:47:53 - MPL tater tot woah sent to WMS
2026-03-15 00:07:15 - MPL tater tot woah confirmed by WMS — 1 units moved to warehouse
2026-03-15 00:07:34 - Order asd sent to WMS
2026-03-15 00:07:39 - Order asd shipped by WMS — 1 units removed from inventory
2026-03-15 00:08:37 - Order flyeaglesfly sent to WMS
2026-03-15 00:08:52 - Order flyeaglesfly shipped by WMS — 1 units removed from inventory
2026-03-19 03:27:25 - MPL appletree sent to WMS
